<?xml version="1.0" encoding="UTF-8"?>
<!-- Generated by org.testng.reporters.JUnitXMLReporter -->
<testsuite hostname="MAC09F.local" ignored="0" name="Test1" tests="4" failures="0" timestamp="22 Jan 2019 17:42:30 GMT" time="451.887" errors="0">
  <testcase name="navigateToSignInPage" time="80.329" classname="MobileProgrammingLLC.Tests.Amazon_SigningIn"/>
  <testcase name="verifySignInErrorMsg" time="38.997" classname="MobileProgrammingLLC.Tests.Amazon_SigningIn"/>
  <testcase name="validatingAddToCartFunctionality" time="120.942" classname="MobileProgrammingLLC.Tests.Flipkart_AssertingProducts"/>
  <testcase name="validatingAddToCartFunctionality" time="120.384" classname="MobileProgrammingLLC.Tests.Flipkart_AssertingProducts"/>
</testsuite> <!-- Test1 -->
